<?xml version="1.0" encoding="UTF-8"?>
<!-- Generated by org.testng.reporters.JUnitXMLReporter -->
<testsuite hostname="Aswinikumars-MacBook-Pro.local" name="Test" tests="31" failures="0" timestamp="1 Sep 2019 18:31:00 GMT" time="75.775" errors="0">
  <testcase name="@BeforeTest Before_Test" time="0.0" classname="twc.Automation.SmokeTestCases.smokeTestCases">
    <failure type="org.openqa.selenium.WebDriverException" message="An unknown server-side error occurred while processing the command. Original error: JAVA_HOME is not set currently. Please set JAVA_HOME. (WARNING: The server did not provide any stacktrace information)
Command duration or timeout: 5.55 seconds
Build info: version: &amp;apos;2.51.0&amp;apos;, revision: &amp;apos;1af067dbcaedd7d2ab9af5151fc471d363d97193&amp;apos;, time: &amp;apos;2016-02-05 11:20:57&amp;apos;
System info: host: &amp;apos;Aswinikumars-MacBook-Pro.local&amp;apos;, ip: &amp;apos;192.168.1.101&amp;apos;, os.name: &amp;apos;Mac OS X&amp;apos;, os.arch: &amp;apos;x86_64&amp;apos;, os.version: &amp;apos;10.14.5&amp;apos;, java.version: &amp;apos;1.8.0_181&amp;apos;
Driver info: io.appium.java_client.android.AndroidDriver">
      <![CDATA[org.openqa.selenium.WebDriverException: An unknown server-side error occurred while processing the command. Original error: JAVA_HOME is not set currently. Please set JAVA_HOME. (WARNING: The server did not provide any stacktrace information)
Command duration or timeout: 5.55 seconds
Build info: version: '2.51.0', revision: '1af067dbcaedd7d2ab9af5151fc471d363d97193', time: '2016-02-05 11:20:57'
System info: host: 'Aswinikumars-MacBook-Pro.local', ip: '192.168.1.101', os.name: 'Mac OS X', os.arch: 'x86_64', os.version: '10.14.5', java.version: '1.8.0_181'
Driver info: io.appium.java_client.android.AndroidDriver
	at org.openqa.selenium.remote.ErrorHandler.createThrowable(ErrorHandler.java:206)
	at org.openqa.selenium.remote.ErrorHandler.throwIfResponseFailed(ErrorHandler.java:158)
	at org.openqa.selenium.remote.RemoteWebDriver.execute(RemoteWebDriver.java:678)
	at io.appium.java_client.DefaultGenericMobileDriver.execute(DefaultGenericMobileDriver.java:42)
	at io.appium.java_client.AppiumDriver.execute(AppiumDriver.java:1)
	at io.appium.java_client.android.AndroidDriver.execute(AndroidDriver.java:1)
	at org.openqa.selenium.remote.RemoteWebDriver.startSession(RemoteWebDriver.java:249)
	at org.openqa.selenium.remote.RemoteWebDriver.<init>(RemoteWebDriver.java:131)
	at org.openqa.selenium.remote.RemoteWebDriver.<init>(RemoteWebDriver.java:144)
	at io.appium.java_client.DefaultGenericMobileDriver.<init>(DefaultGenericMobileDriver.java:37)
	at io.appium.java_client.AppiumDriver.<init>(AppiumDriver.java:160)
	at io.appium.java_client.AppiumDriver.<init>(AppiumDriver.java:168)
	at io.appium.java_client.android.AndroidDriver.<init>(AndroidDriver.java:69)
	at twc.Automation.HandleWithAppium.AppiumFunctions.LaunchAppWithFullReset(AppiumFunctions.java:393)
	at twc.Automation.SmokeTestCases.smokeTestCases.Before_Test(smokeTestCases.java:915)
... Removed 32 stack frames]]>
    </failure>
  </testcase> <!-- @BeforeTest Before_Test -->
  <testcase name="@AfterTest After_Test" time="0.0" classname="twc.Automation.SmokeTestCases.smokeTestCases">
    <skipped/>
  </testcase> <!-- @AfterTest After_Test -->
  <testcase name="Smoke_Test_amazon_aax_home_screen_today_preload_adcall__iu" time="0.016" classname="twc.Automation.SmokeTestCases.smokeTestCases">
    <skipped/>
  </testcase> <!-- Smoke_Test_amazon_aax_home_screen_today_preload_adcall__iu -->
  <testcase name="Smoke_Test_amazon_aax_rader_card_preload_adcall" time="0.001" classname="twc.Automation.SmokeTestCases.smokeTestCases">
    <skipped/>
  </testcase> <!-- Smoke_Test_amazon_aax_rader_card_preload_adcall -->
  <testcase name="Smoke_Test_amazon_aax_AQ_card_preload_adcall" time="0.001" classname="twc.Automation.SmokeTestCases.smokeTestCases">
    <skipped/>
  </testcase> <!-- Smoke_Test_amazon_aax_AQ_card_preload_adcall -->
  <testcase name="Smoke_Test_amazon_aax_Hourly_preload_adcall" time="0.001" classname="twc.Automation.SmokeTestCases.smokeTestCases">
    <skipped/>
  </testcase> <!-- Smoke_Test_amazon_aax_Hourly_preload_adcall -->
  <testcase name="Smoke_Test_amazon_aax_Daily_preload_adcall" time="0.001" classname="twc.Automation.SmokeTestCases.smokeTestCases">
    <skipped/>
  </testcase> <!-- Smoke_Test_amazon_aax_Daily_preload_adcall -->
  <testcase name="Smoke_Test_amazon_aax_mapsdetails_preload_adcall" time="0.001" classname="twc.Automation.SmokeTestCases.smokeTestCases">
    <skipped/>
  </testcase> <!-- Smoke_Test_amazon_aax_mapsdetails_preload_adcall -->
  <testcase name="Smoke_Test_CaseVerify_Homescreen_ad_iu" time="0.001" classname="twc.Automation.SmokeTestCases.smokeTestCases">
    <skipped/>
  </testcase> <!-- Smoke_Test_CaseVerify_Homescreen_ad_iu -->
  <testcase name="Smoke_Test_CaseVerify_WeatherFXAPI_url" time="0.001" classname="twc.Automation.SmokeTestCases.smokeTestCases">
    <skipped/>
  </testcase> <!-- Smoke_Test_CaseVerify_WeatherFXAPI_url -->
  <testcase name="Smoke_Test_CaseVerify_turbo_url" time="0.001" classname="twc.Automation.SmokeTestCases.smokeTestCases">
    <skipped/>
  </testcase> <!-- Smoke_Test_CaseVerify_turbo_url -->
  <testcase name="Smoke_Test_CaseVerify_adcrwdcntrlnet_url" time="0.0" classname="twc.Automation.SmokeTestCases.smokeTestCases">
    <skipped/>
  </testcase> <!-- Smoke_Test_CaseVerify_adcrwdcntrlnet_url -->
  <testcase name="Smoke_Test_Case_Verify_Video_adCalll" time="0.0" classname="twc.Automation.SmokeTestCases.smokeTestCases">
    <skipped/>
  </testcase> <!-- Smoke_Test_Case_Verify_Video_adCalll -->
  <testcase name="Smoke_Test_CaseVerify_Radar_Maps_feedcard_adcall" time="0.0" classname="twc.Automation.SmokeTestCases.smokeTestCases">
    <skipped/>
  </testcase> <!-- Smoke_Test_CaseVerify_Radar_Maps_feedcard_adcall -->
  <testcase name="Smoke_Test_CaseVerify_Radar_Maps_deatailscard_adcall" time="0.0" classname="twc.Automation.SmokeTestCases.smokeTestCases">
    <skipped/>
  </testcase> <!-- Smoke_Test_CaseVerify_Radar_Maps_deatailscard_adcall -->
  <testcase name="Smoke_Test_amazon_aax_today_deatailcard" time="0.001" classname="twc.Automation.SmokeTestCases.smokeTestCases">
    <skipped/>
  </testcase> <!-- Smoke_Test_amazon_aax_today_deatailcard -->
  <testcase name="Smoke_Test_CaseVerify_Health_Activities_feed_adcall" time="0.001" classname="twc.Automation.SmokeTestCases.smokeTestCases">
    <skipped/>
  </testcase> <!-- Smoke_Test_CaseVerify_Health_Activities_feed_adcall -->
  <testcase name="Smoke_Test_Verify_health_and_activities_Running_spotlight_adcall_iu" time="0.001" classname="twc.Automation.SmokeTestCases.smokeTestCases">
    <skipped/>
  </testcase> <!-- Smoke_Test_Verify_health_and_activities_Running_spotlight_adcall_iu -->
  <testcase name="Smoke_Test_Verify_health_and_activities_Bot_beach_detailpage_adcall_iu" time="0.0" classname="twc.Automation.SmokeTestCases.smokeTestCases">
    <skipped/>
  </testcase> <!-- Smoke_Test_Verify_health_and_activities_Bot_beach_detailpage_adcall_iu -->
  <testcase name="Smoke_Test_Verify_health_and_activities_Allergy_detailpage_adcall_iu" time="0.0" classname="twc.Automation.SmokeTestCases.smokeTestCases">
    <skipped/>
  </testcase> <!-- Smoke_Test_Verify_health_and_activities_Allergy_detailpage_adcall_iu -->
  <testcase name="Smoke_Test_Verify_health_and_activities_cold_flu_Spotlight_adcall_iu" time="0.0" classname="twc.Automation.SmokeTestCases.smokeTestCases">
    <skipped/>
  </testcase> <!-- Smoke_Test_Verify_health_and_activities_cold_flu_Spotlight_adcall_iu -->
  <testcase name="Smoke_Test_Verify_amazon_aax_Running_Bigbanner_ad" time="0.001" classname="twc.Automation.SmokeTestCases.smokeTestCases">
    <skipped/>
  </testcase> <!-- Smoke_Test_Verify_amazon_aax_Running_Bigbanner_ad -->
  <testcase name="Smoke_Test_CaseVerify_seasonalhub_feed_adcall" time="0.001" classname="twc.Automation.SmokeTestCases.smokeTestCases">
    <skipped/>
  </testcase> <!-- Smoke_Test_CaseVerify_seasonalhub_feed_adcall -->
  <testcase name="Smoke_Test_Verify_health_and_activities_Air_Quality_detailpage_adcall_iu" time="0.001" classname="twc.Automation.SmokeTestCases.smokeTestCases">
    <skipped/>
  </testcase> <!-- Smoke_Test_Verify_health_and_activities_Air_Quality_detailpage_adcall_iu -->
  <testcase name="Smoke_Test_Verify_News_detailpage_adcall_iu" time="0.0" classname="twc.Automation.SmokeTestCases.smokeTestCases">
    <skipped/>
  </testcase> <!-- Smoke_Test_Verify_News_detailpage_adcall_iu -->
  <testcase name="Smoke_Test_Verify_News_hurricane_detail_adcall_iu" time="0.0" classname="twc.Automation.SmokeTestCases.smokeTestCases">
    <skipped/>
  </testcase> <!-- Smoke_Test_Verify_News_hurricane_detail_adcall_iu -->
  <testcase name="Smoke_Test_Verify_daily_card_adcall_iu" time="0.0" classname="twc.Automation.SmokeTestCases.smokeTestCases">
    <skipped/>
  </testcase> <!-- Smoke_Test_Verify_daily_card_adcall_iu -->
  <testcase name="Smoke_Test_CaseVerify_AQ_aax_amazon_adcalll" time="0.001" classname="twc.Automation.SmokeTestCases.smokeTestCases">
    <skipped/>
  </testcase> <!-- Smoke_Test_CaseVerify_AQ_aax_amazon_adcalll -->
  <testcase name="Smoke_Test_CaseVerify_news_aax_amazon_adcalll" time="0.001" classname="twc.Automation.SmokeTestCases.smokeTestCases">
    <skipped/>
  </testcase> <!-- Smoke_Test_CaseVerify_news_aax_amazon_adcalll -->
  <testcase name="Smoke_Test_Verify_hourly_detailpage_adcall_iu" time="0.0" classname="twc.Automation.SmokeTestCases.smokeTestCases">
    <skipped/>
  </testcase> <!-- Smoke_Test_Verify_hourly_detailpage_adcall_iu -->
  <testcase name="Smoke_Test_CaseVerify_hurricane_detal_aax_adcalll" time="0.0" classname="twc.Automation.SmokeTestCases.smokeTestCases">
    <skipped/>
  </testcase> <!-- Smoke_Test_CaseVerify_hurricane_detal_aax_adcalll -->
  <testcase name="Smoke_Test_Verify_snapshotcard_adcall_iu" time="0.0" classname="twc.Automation.SmokeTestCases.smokeTestCases">
    <skipped/>
  </testcase> <!-- Smoke_Test_Verify_snapshotcard_adcall_iu -->
  <testcase name="Smoke_Test_Verify_snapshot_spotlight_adcall_iu" time="0.001" classname="twc.Automation.SmokeTestCases.smokeTestCases">
    <skipped/>
  </testcase> <!-- Smoke_Test_Verify_snapshot_spotlight_adcall_iu -->
</testsuite> <!-- Test -->
