<?xml version="1.0" encoding="UTF-8"?>
<testng-results skipped="31" failed="0" total="31" passed="0">
  <reporter-output>
  </reporter-output>
  <suite name="Suite" duration-ms="75775" started-at="2019-09-01T18:29:44Z" finished-at="2019-09-01T18:30:59Z">
    <groups>
    </groups>
    <test name="Test" duration-ms="75775" started-at="2019-09-01T18:29:44Z" finished-at="2019-09-01T18:30:59Z">
      <class name="twc.Automation.SmokeTestCases.smokeTestCases">
        <test-method status="FAIL" signature="Before_Test()[pri:0, instance:twc.Automation.SmokeTestCases.smokeTestCases@7b3315a5]" name="Before_Test" is-config="true" duration-ms="0" started-at="2019-09-01T23:59:44Z" finished-at="2019-09-01T23:59:44Z">
          <exception class="org.openqa.selenium.WebDriverException">
            <message>
              <![CDATA[An unknown server-side error occurred while processing the command. Original error: JAVA_HOME is not set currently. Please set JAVA_HOME. (WARNING: The server did not provide any stacktrace information)
Command duration or timeout: 5.55 seconds
Build info: version: '2.51.0', revision: '1af067dbcaedd7d2ab9af5151fc471d363d97193', time: '2016-02-05 11:20:57'
System info: host: 'Aswinikumars-MacBook-Pro.local', ip: '192.168.1.101', os.name: 'Mac OS X', os.arch: 'x86_64', os.version: '10.14.5', java.version: '1.8.0_181'
Driver info: io.appium.java_client.android.AndroidDriver]]>
            </message>
            <full-stacktrace>
              <![CDATA[org.openqa.selenium.WebDriverException: An unknown server-side error occurred while processing the command. Original error: JAVA_HOME is not set currently. Please set JAVA_HOME. (WARNING: The server did not provide any stacktrace information)
Command duration or timeout: 5.55 seconds
Build info: version: '2.51.0', revision: '1af067dbcaedd7d2ab9af5151fc471d363d97193', time: '2016-02-05 11:20:57'
System info: host: 'Aswinikumars-MacBook-Pro.local', ip: '192.168.1.101', os.name: 'Mac OS X', os.arch: 'x86_64', os.version: '10.14.5', java.version: '1.8.0_181'
Driver info: io.appium.java_client.android.AndroidDriver
	at sun.reflect.NativeConstructorAccessorImpl.newInstance0(Native Method)
	at sun.reflect.NativeConstructorAccessorImpl.newInstance(NativeConstructorAccessorImpl.java:62)
	at sun.reflect.DelegatingConstructorAccessorImpl.newInstance(DelegatingConstructorAccessorImpl.java:45)
	at java.lang.reflect.Constructor.newInstance(Constructor.java:423)
	at org.openqa.selenium.remote.ErrorHandler.createThrowable(ErrorHandler.java:206)
	at org.openqa.selenium.remote.ErrorHandler.throwIfResponseFailed(ErrorHandler.java:158)
	at org.openqa.selenium.remote.RemoteWebDriver.execute(RemoteWebDriver.java:678)
	at io.appium.java_client.DefaultGenericMobileDriver.execute(DefaultGenericMobileDriver.java:42)
	at io.appium.java_client.AppiumDriver.execute(AppiumDriver.java:1)
	at io.appium.java_client.android.AndroidDriver.execute(AndroidDriver.java:1)
	at org.openqa.selenium.remote.RemoteWebDriver.startSession(RemoteWebDriver.java:249)
	at org.openqa.selenium.remote.RemoteWebDriver.<init>(RemoteWebDriver.java:131)
	at org.openqa.selenium.remote.RemoteWebDriver.<init>(RemoteWebDriver.java:144)
	at io.appium.java_client.DefaultGenericMobileDriver.<init>(DefaultGenericMobileDriver.java:37)
	at io.appium.java_client.AppiumDriver.<init>(AppiumDriver.java:160)
	at io.appium.java_client.AppiumDriver.<init>(AppiumDriver.java:168)
	at io.appium.java_client.android.AndroidDriver.<init>(AndroidDriver.java:69)
	at twc.Automation.HandleWithAppium.AppiumFunctions.LaunchAppWithFullReset(AppiumFunctions.java:393)
	at twc.Automation.SmokeTestCases.smokeTestCases.Before_Test(smokeTestCases.java:915)
	at sun.reflect.NativeMethodAccessorImpl.invoke0(Native Method)
	at sun.reflect.NativeMethodAccessorImpl.invoke(NativeMethodAccessorImpl.java:62)
	at sun.reflect.DelegatingMethodAccessorImpl.invoke(DelegatingMethodAccessorImpl.java:43)
	at java.lang.reflect.Method.invoke(Method.java:498)
	at org.testng.internal.MethodInvocationHelper.invokeMethod(MethodInvocationHelper.java:85)
	at org.testng.internal.Invoker.invokeConfigurationMethod(Invoker.java:517)
	at org.testng.internal.Invoker.invokeConfigurations(Invoker.java:213)
	at org.testng.internal.Invoker.invokeConfigurations(Invoker.java:140)
	at org.testng.TestRunner.beforeRun(TestRunner.java:645)
	at org.testng.TestRunner.run(TestRunner.java:613)
	at org.testng.SuiteRunner.runTest(SuiteRunner.java:357)
	at org.testng.SuiteRunner.runSequentially(SuiteRunner.java:352)
	at org.testng.SuiteRunner.privateRun(SuiteRunner.java:310)
	at org.testng.SuiteRunner.run(SuiteRunner.java:259)
	at org.testng.SuiteRunnerWorker.runSuite(SuiteRunnerWorker.java:52)
	at org.testng.SuiteRunnerWorker.run(SuiteRunnerWorker.java:86)
	at org.testng.TestNG.runSuitesSequentially(TestNG.java:1199)
	at org.testng.TestNG.runSuitesLocally(TestNG.java:1124)
	at org.testng.TestNG.run(TestNG.java:1032)
	at org.apache.maven.surefire.testng.TestNGExecutor.run(TestNGExecutor.java:73)
	at org.apache.maven.surefire.testng.TestNGXmlTestSuite.execute(TestNGXmlTestSuite.java:94)
	at org.apache.maven.surefire.Surefire.run(Surefire.java:169)
	at sun.reflect.NativeMethodAccessorImpl.invoke0(Native Method)
	at sun.reflect.NativeMethodAccessorImpl.invoke(NativeMethodAccessorImpl.java:62)
	at sun.reflect.DelegatingMethodAccessorImpl.invoke(DelegatingMethodAccessorImpl.java:43)
	at java.lang.reflect.Method.invoke(Method.java:498)
	at org.apache.maven.surefire.booter.SurefireBooter.runSuitesInProcess(SurefireBooter.java:350)
	at org.apache.maven.surefire.booter.SurefireBooter.main(SurefireBooter.java:1021)
]]>
            </full-stacktrace>
          </exception> <!-- org.openqa.selenium.WebDriverException -->
          <reporter-output>
          </reporter-output>
        </test-method> <!-- Before_Test -->
        <test-method status="SKIP" signature="Smoke_Test_amazon_aax_home_screen_today_preload_adcall__iu()[pri:0, instance:twc.Automation.SmokeTestCases.smokeTestCases@7b3315a5]" name="Smoke_Test_amazon_aax_home_screen_today_preload_adcall__iu" duration-ms="16" started-at="2019-09-02T00:00:59Z" finished-at="2019-09-02T00:00:59Z">
          <reporter-output>
          </reporter-output>
        </test-method> <!-- Smoke_Test_amazon_aax_home_screen_today_preload_adcall__iu -->
        <test-method status="SKIP" signature="Smoke_Test_amazon_aax_rader_card_preload_adcall()[pri:0, instance:twc.Automation.SmokeTestCases.smokeTestCases@7b3315a5]" name="Smoke_Test_amazon_aax_rader_card_preload_adcall" duration-ms="1" started-at="2019-09-02T00:00:59Z" finished-at="2019-09-02T00:00:59Z">
          <reporter-output>
          </reporter-output>
        </test-method> <!-- Smoke_Test_amazon_aax_rader_card_preload_adcall -->
        <test-method status="SKIP" signature="Smoke_Test_amazon_aax_AQ_card_preload_adcall()[pri:0, instance:twc.Automation.SmokeTestCases.smokeTestCases@7b3315a5]" name="Smoke_Test_amazon_aax_AQ_card_preload_adcall" duration-ms="1" started-at="2019-09-02T00:00:59Z" finished-at="2019-09-02T00:00:59Z">
          <reporter-output>
          </reporter-output>
        </test-method> <!-- Smoke_Test_amazon_aax_AQ_card_preload_adcall -->
        <test-method status="SKIP" signature="Smoke_Test_amazon_aax_Hourly_preload_adcall()[pri:0, instance:twc.Automation.SmokeTestCases.smokeTestCases@7b3315a5]" name="Smoke_Test_amazon_aax_Hourly_preload_adcall" duration-ms="1" started-at="2019-09-02T00:00:59Z" finished-at="2019-09-02T00:00:59Z">
          <reporter-output>
          </reporter-output>
        </test-method> <!-- Smoke_Test_amazon_aax_Hourly_preload_adcall -->
        <test-method status="SKIP" signature="Smoke_Test_amazon_aax_Daily_preload_adcall()[pri:0, instance:twc.Automation.SmokeTestCases.smokeTestCases@7b3315a5]" name="Smoke_Test_amazon_aax_Daily_preload_adcall" duration-ms="1" started-at="2019-09-02T00:00:59Z" finished-at="2019-09-02T00:00:59Z">
          <reporter-output>
          </reporter-output>
        </test-method> <!-- Smoke_Test_amazon_aax_Daily_preload_adcall -->
        <test-method status="SKIP" signature="Smoke_Test_amazon_aax_mapsdetails_preload_adcall()[pri:0, instance:twc.Automation.SmokeTestCases.smokeTestCases@7b3315a5]" name="Smoke_Test_amazon_aax_mapsdetails_preload_adcall" duration-ms="1" started-at="2019-09-02T00:00:59Z" finished-at="2019-09-02T00:00:59Z">
          <reporter-output>
          </reporter-output>
        </test-method> <!-- Smoke_Test_amazon_aax_mapsdetails_preload_adcall -->
        <test-method status="SKIP" signature="Smoke_Test_CaseVerify_Homescreen_ad_iu()[pri:0, instance:twc.Automation.SmokeTestCases.smokeTestCases@7b3315a5]" name="Smoke_Test_CaseVerify_Homescreen_ad_iu" duration-ms="1" started-at="2019-09-02T00:00:59Z" finished-at="2019-09-02T00:00:59Z">
          <reporter-output>
          </reporter-output>
        </test-method> <!-- Smoke_Test_CaseVerify_Homescreen_ad_iu -->
        <test-method status="SKIP" signature="Smoke_Test_CaseVerify_WeatherFXAPI_url()[pri:0, instance:twc.Automation.SmokeTestCases.smokeTestCases@7b3315a5]" name="Smoke_Test_CaseVerify_WeatherFXAPI_url" duration-ms="1" started-at="2019-09-02T00:00:59Z" finished-at="2019-09-02T00:00:59Z">
          <reporter-output>
          </reporter-output>
        </test-method> <!-- Smoke_Test_CaseVerify_WeatherFXAPI_url -->
        <test-method status="SKIP" signature="Smoke_Test_CaseVerify_turbo_url()[pri:0, instance:twc.Automation.SmokeTestCases.smokeTestCases@7b3315a5]" name="Smoke_Test_CaseVerify_turbo_url" duration-ms="1" started-at="2019-09-02T00:00:59Z" finished-at="2019-09-02T00:00:59Z">
          <reporter-output>
          </reporter-output>
        </test-method> <!-- Smoke_Test_CaseVerify_turbo_url -->
        <test-method status="SKIP" signature="Smoke_Test_CaseVerify_adcrwdcntrlnet_url()[pri:0, instance:twc.Automation.SmokeTestCases.smokeTestCases@7b3315a5]" name="Smoke_Test_CaseVerify_adcrwdcntrlnet_url" duration-ms="0" started-at="2019-09-02T00:00:59Z" finished-at="2019-09-02T00:00:59Z">
          <reporter-output>
          </reporter-output>
        </test-method> <!-- Smoke_Test_CaseVerify_adcrwdcntrlnet_url -->
        <test-method status="SKIP" signature="Smoke_Test_Case_Verify_Video_adCalll()[pri:0, instance:twc.Automation.SmokeTestCases.smokeTestCases@7b3315a5]" name="Smoke_Test_Case_Verify_Video_adCalll" duration-ms="0" started-at="2019-09-02T00:00:59Z" finished-at="2019-09-02T00:00:59Z">
          <reporter-output>
          </reporter-output>
        </test-method> <!-- Smoke_Test_Case_Verify_Video_adCalll -->
        <test-method status="SKIP" signature="Smoke_Test_CaseVerify_Radar_Maps_feedcard_adcall()[pri:0, instance:twc.Automation.SmokeTestCases.smokeTestCases@7b3315a5]" name="Smoke_Test_CaseVerify_Radar_Maps_feedcard_adcall" duration-ms="0" started-at="2019-09-02T00:00:59Z" finished-at="2019-09-02T00:00:59Z">
          <reporter-output>
          </reporter-output>
        </test-method> <!-- Smoke_Test_CaseVerify_Radar_Maps_feedcard_adcall -->
        <test-method status="SKIP" signature="Smoke_Test_CaseVerify_Radar_Maps_deatailscard_adcall()[pri:0, instance:twc.Automation.SmokeTestCases.smokeTestCases@7b3315a5]" name="Smoke_Test_CaseVerify_Radar_Maps_deatailscard_adcall" duration-ms="0" started-at="2019-09-02T00:00:59Z" finished-at="2019-09-02T00:00:59Z">
          <reporter-output>
          </reporter-output>
        </test-method> <!-- Smoke_Test_CaseVerify_Radar_Maps_deatailscard_adcall -->
        <test-method status="SKIP" signature="Smoke_Test_amazon_aax_today_deatailcard()[pri:0, instance:twc.Automation.SmokeTestCases.smokeTestCases@7b3315a5]" name="Smoke_Test_amazon_aax_today_deatailcard" duration-ms="1" started-at="2019-09-02T00:00:59Z" finished-at="2019-09-02T00:00:59Z">
          <reporter-output>
          </reporter-output>
        </test-method> <!-- Smoke_Test_amazon_aax_today_deatailcard -->
        <test-method status="SKIP" signature="Smoke_Test_CaseVerify_Health_Activities_feed_adcall()[pri:0, instance:twc.Automation.SmokeTestCases.smokeTestCases@7b3315a5]" name="Smoke_Test_CaseVerify_Health_Activities_feed_adcall" duration-ms="1" started-at="2019-09-02T00:00:59Z" finished-at="2019-09-02T00:00:59Z">
          <reporter-output>
          </reporter-output>
        </test-method> <!-- Smoke_Test_CaseVerify_Health_Activities_feed_adcall -->
        <test-method status="SKIP" signature="Smoke_Test_Verify_health_and_activities_Running_spotlight_adcall_iu()[pri:0, instance:twc.Automation.SmokeTestCases.smokeTestCases@7b3315a5]" name="Smoke_Test_Verify_health_and_activities_Running_spotlight_adcall_iu" duration-ms="1" started-at="2019-09-02T00:00:59Z" finished-at="2019-09-02T00:00:59Z">
          <reporter-output>
          </reporter-output>
        </test-method> <!-- Smoke_Test_Verify_health_and_activities_Running_spotlight_adcall_iu -->
        <test-method status="SKIP" signature="Smoke_Test_Verify_health_and_activities_Bot_beach_detailpage_adcall_iu()[pri:0, instance:twc.Automation.SmokeTestCases.smokeTestCases@7b3315a5]" name="Smoke_Test_Verify_health_and_activities_Bot_beach_detailpage_adcall_iu" duration-ms="0" started-at="2019-09-02T00:00:59Z" finished-at="2019-09-02T00:00:59Z">
          <reporter-output>
          </reporter-output>
        </test-method> <!-- Smoke_Test_Verify_health_and_activities_Bot_beach_detailpage_adcall_iu -->
        <test-method status="SKIP" signature="Smoke_Test_Verify_health_and_activities_Allergy_detailpage_adcall_iu()[pri:0, instance:twc.Automation.SmokeTestCases.smokeTestCases@7b3315a5]" name="Smoke_Test_Verify_health_and_activities_Allergy_detailpage_adcall_iu" duration-ms="0" started-at="2019-09-02T00:00:59Z" finished-at="2019-09-02T00:00:59Z">
          <reporter-output>
          </reporter-output>
        </test-method> <!-- Smoke_Test_Verify_health_and_activities_Allergy_detailpage_adcall_iu -->
        <test-method status="SKIP" signature="Smoke_Test_Verify_health_and_activities_cold_flu_Spotlight_adcall_iu()[pri:0, instance:twc.Automation.SmokeTestCases.smokeTestCases@7b3315a5]" name="Smoke_Test_Verify_health_and_activities_cold_flu_Spotlight_adcall_iu" duration-ms="0" started-at="2019-09-02T00:00:59Z" finished-at="2019-09-02T00:00:59Z">
          <reporter-output>
          </reporter-output>
        </test-method> <!-- Smoke_Test_Verify_health_and_activities_cold_flu_Spotlight_adcall_iu -->
        <test-method status="SKIP" signature="Smoke_Test_Verify_amazon_aax_Running_Bigbanner_ad()[pri:0, instance:twc.Automation.SmokeTestCases.smokeTestCases@7b3315a5]" name="Smoke_Test_Verify_amazon_aax_Running_Bigbanner_ad" duration-ms="1" started-at="2019-09-02T00:00:59Z" finished-at="2019-09-02T00:00:59Z">
          <reporter-output>
          </reporter-output>
        </test-method> <!-- Smoke_Test_Verify_amazon_aax_Running_Bigbanner_ad -->
        <test-method status="SKIP" signature="Smoke_Test_CaseVerify_seasonalhub_feed_adcall()[pri:0, instance:twc.Automation.SmokeTestCases.smokeTestCases@7b3315a5]" name="Smoke_Test_CaseVerify_seasonalhub_feed_adcall" duration-ms="1" started-at="2019-09-02T00:00:59Z" finished-at="2019-09-02T00:00:59Z">
          <reporter-output>
          </reporter-output>
        </test-method> <!-- Smoke_Test_CaseVerify_seasonalhub_feed_adcall -->
        <test-method status="SKIP" signature="Smoke_Test_Verify_health_and_activities_Air_Quality_detailpage_adcall_iu()[pri:0, instance:twc.Automation.SmokeTestCases.smokeTestCases@7b3315a5]" name="Smoke_Test_Verify_health_and_activities_Air_Quality_detailpage_adcall_iu" duration-ms="1" started-at="2019-09-02T00:00:59Z" finished-at="2019-09-02T00:00:59Z">
          <reporter-output>
          </reporter-output>
        </test-method> <!-- Smoke_Test_Verify_health_and_activities_Air_Quality_detailpage_adcall_iu -->
        <test-method status="SKIP" signature="Smoke_Test_Verify_News_detailpage_adcall_iu()[pri:0, instance:twc.Automation.SmokeTestCases.smokeTestCases@7b3315a5]" name="Smoke_Test_Verify_News_detailpage_adcall_iu" duration-ms="0" started-at="2019-09-02T00:00:59Z" finished-at="2019-09-02T00:00:59Z">
          <reporter-output>
          </reporter-output>
        </test-method> <!-- Smoke_Test_Verify_News_detailpage_adcall_iu -->
        <test-method status="SKIP" signature="Smoke_Test_Verify_News_hurricane_detail_adcall_iu()[pri:0, instance:twc.Automation.SmokeTestCases.smokeTestCases@7b3315a5]" name="Smoke_Test_Verify_News_hurricane_detail_adcall_iu" duration-ms="0" started-at="2019-09-02T00:00:59Z" finished-at="2019-09-02T00:00:59Z">
          <reporter-output>
          </reporter-output>
        </test-method> <!-- Smoke_Test_Verify_News_hurricane_detail_adcall_iu -->
        <test-method status="SKIP" signature="Smoke_Test_Verify_daily_card_adcall_iu()[pri:0, instance:twc.Automation.SmokeTestCases.smokeTestCases@7b3315a5]" name="Smoke_Test_Verify_daily_card_adcall_iu" duration-ms="0" started-at="2019-09-02T00:00:59Z" finished-at="2019-09-02T00:00:59Z">
          <reporter-output>
          </reporter-output>
        </test-method> <!-- Smoke_Test_Verify_daily_card_adcall_iu -->
        <test-method status="SKIP" signature="Smoke_Test_CaseVerify_AQ_aax_amazon_adcalll()[pri:0, instance:twc.Automation.SmokeTestCases.smokeTestCases@7b3315a5]" name="Smoke_Test_CaseVerify_AQ_aax_amazon_adcalll" duration-ms="1" started-at="2019-09-02T00:00:59Z" finished-at="2019-09-02T00:00:59Z">
          <reporter-output>
          </reporter-output>
        </test-method> <!-- Smoke_Test_CaseVerify_AQ_aax_amazon_adcalll -->
        <test-method status="SKIP" signature="Smoke_Test_CaseVerify_news_aax_amazon_adcalll()[pri:0, instance:twc.Automation.SmokeTestCases.smokeTestCases@7b3315a5]" name="Smoke_Test_CaseVerify_news_aax_amazon_adcalll" duration-ms="1" started-at="2019-09-02T00:00:59Z" finished-at="2019-09-02T00:00:59Z">
          <reporter-output>
          </reporter-output>
        </test-method> <!-- Smoke_Test_CaseVerify_news_aax_amazon_adcalll -->
        <test-method status="SKIP" signature="Smoke_Test_Verify_hourly_detailpage_adcall_iu()[pri:0, instance:twc.Automation.SmokeTestCases.smokeTestCases@7b3315a5]" name="Smoke_Test_Verify_hourly_detailpage_adcall_iu" duration-ms="0" started-at="2019-09-02T00:00:59Z" finished-at="2019-09-02T00:00:59Z">
          <reporter-output>
          </reporter-output>
        </test-method> <!-- Smoke_Test_Verify_hourly_detailpage_adcall_iu -->
        <test-method status="SKIP" signature="Smoke_Test_CaseVerify_hurricane_detal_aax_adcalll()[pri:0, instance:twc.Automation.SmokeTestCases.smokeTestCases@7b3315a5]" name="Smoke_Test_CaseVerify_hurricane_detal_aax_adcalll" duration-ms="0" started-at="2019-09-02T00:00:59Z" finished-at="2019-09-02T00:00:59Z">
          <reporter-output>
          </reporter-output>
        </test-method> <!-- Smoke_Test_CaseVerify_hurricane_detal_aax_adcalll -->
        <test-method status="SKIP" signature="Smoke_Test_Verify_snapshot_spotlight_adcall_iu()[pri:0, instance:twc.Automation.SmokeTestCases.smokeTestCases@7b3315a5]" name="Smoke_Test_Verify_snapshot_spotlight_adcall_iu" duration-ms="1" started-at="2019-09-02T00:00:59Z" finished-at="2019-09-02T00:00:59Z">
          <reporter-output>
          </reporter-output>
        </test-method> <!-- Smoke_Test_Verify_snapshot_spotlight_adcall_iu -->
        <test-method status="SKIP" signature="Smoke_Test_Verify_snapshotcard_adcall_iu()[pri:0, instance:twc.Automation.SmokeTestCases.smokeTestCases@7b3315a5]" name="Smoke_Test_Verify_snapshotcard_adcall_iu" duration-ms="0" started-at="2019-09-02T00:00:59Z" finished-at="2019-09-02T00:00:59Z">
          <reporter-output>
          </reporter-output>
        </test-method> <!-- Smoke_Test_Verify_snapshotcard_adcall_iu -->
        <test-method status="SKIP" signature="After_Test()[pri:0, instance:twc.Automation.SmokeTestCases.smokeTestCases@7b3315a5]" name="After_Test" is-config="true" duration-ms="0" started-at="2019-09-02T00:00:59Z" finished-at="2019-09-02T00:00:59Z">
          <reporter-output>
          </reporter-output>
        </test-method> <!-- After_Test -->
      </class> <!-- twc.Automation.SmokeTestCases.smokeTestCases -->
    </test> <!-- Test -->
  </suite> <!-- Suite -->
</testng-results>
